<?xml version="1.0" encoding="UTF-8"?>
<!-- Generated by org.testng.reporters.JUnitReportReporter -->
<testsuite hostname="LAPTOP-5NEJOVSK" failures="0" tests="2" name="TestRunnerDec16.Testrunnerdec16" time="27.631" errors="0" timestamp="2022-12-20T18:06:42 PST" skipped="0">
  <testcase classname="TestRunnerDec16.Testrunnerdec16" name="feature" time="14.537"/>
  <system-out/>
  <testcase classname="TestRunnerDec16.Testrunnerdec16" name="feature" time="13.094"/>
  <system-out/>
</testsuite> <!-- TestRunnerDec16.Testrunnerdec16 -->
